{"C:\\Users\\User\\VisualStudioCode\\JavaScript\\StudentDetailsManagement\\src\\AddingDetail.js": {"path":"C:\\Users\\User\\VisualStudioCode\\JavaScript\\StudentDetailsManagement\\src\\AddingDetail.js","statementMap":{"0":{"start":{"line":1,"column":20},"end":{"line":1,"column":22}},"1":{"start":{"line":3,"column":4},"end":{"line":20,"column":5}},"2":{"start":{"line":4,"column":27},"end":{"line":4,"column":29}},"3":{"start":{"line":5,"column":8},"end":{"line":5,"column":79}},"4":{"start":{"line":6,"column":8},"end":{"line":6,"column":77}},"5":{"start":{"line":7,"column":8},"end":{"line":7,"column":81}},"6":{"start":{"line":8,"column":8},"end":{"line":8,"column":81}},"7":{"start":{"line":9,"column":8},"end":{"line":9,"column":81}},"8":{"start":{"line":10,"column":8},"end":{"line":10,"column":74}},"9":{"start":{"line":11,"column":8},"end":{"line":11,"column":77}},"10":{"start":{"line":12,"column":8},"end":{"line":12,"column":75}},"11":{"start":{"line":13,"column":27},"end":{"line":13,"column":78}},"12":{"start":{"line":14,"column":8},"end":{"line":14,"column":44}},"13":{"start":{"line":15,"column":8},"end":{"line":15,"column":79}},"14":{"start":{"line":16,"column":8},"end":{"line":16,"column":77}},"15":{"start":{"line":19,"column":8},"end":{"line":19,"column":88}},"16":{"start":{"line":23,"column":16},"end":{"line":23,"column":21}},"17":{"start":{"line":24,"column":19},"end":{"line":24,"column":62}},"18":{"start":{"line":25,"column":23},"end":{"line":25,"column":43}},"19":{"start":{"line":26,"column":4},"end":{"line":30,"column":7}},"20":{"start":{"line":27,"column":7},"end":{"line":29,"column":8}},"21":{"start":{"line":28,"column":11},"end":{"line":28,"column":24}},"22":{"start":{"line":31,"column":4},"end":{"line":31,"column":19}},"23":{"start":{"line":34,"column":4},"end":{"line":35,"column":76}},"24":{"start":{"line":35,"column":4},"end":{"line":35,"column":76}},"25":{"start":{"line":36,"column":8},"end":{"line":36,"column":67}},"26":{"start":{"line":38,"column":0},"end":{"line":38,"column":67}}},"fnMap":{"0":{"name":"addingDetails","decl":{"start":{"line":2,"column":9},"end":{"line":2,"column":22}},"loc":{"start":{"line":2,"column":25},"end":{"line":21,"column":1}},"line":2},"1":{"name":"isRegisterNoExist","decl":{"start":{"line":22,"column":9},"end":{"line":22,"column":26}},"loc":{"start":{"line":22,"column":29},"end":{"line":32,"column":1}},"line":22},"2":{"name":"(anonymous_2)","decl":{"start":{"line":26,"column":27},"end":{"line":26,"column":28}},"loc":{"start":{"line":26,"column":38},"end":{"line":30,"column":5}},"line":26},"3":{"name":"getStudentDataBase","decl":{"start":{"line":33,"column":9},"end":{"line":33,"column":27}},"loc":{"start":{"line":33,"column":30},"end":{"line":37,"column":1}},"line":33}},"branchMap":{"0":{"loc":{"start":{"line":3,"column":4},"end":{"line":20,"column":5}},"type":"if","locations":[{"start":{"line":3,"column":4},"end":{"line":20,"column":5}},{"start":{"line":3,"column":4},"end":{"line":20,"column":5}}],"line":3},"1":{"loc":{"start":{"line":27,"column":7},"end":{"line":29,"column":8}},"type":"if","locations":[{"start":{"line":27,"column":7},"end":{"line":29,"column":8}},{"start":{"line":27,"column":7},"end":{"line":29,"column":8}}],"line":27},"2":{"loc":{"start":{"line":34,"column":4},"end":{"line":35,"column":76}},"type":"if","locations":[{"start":{"line":34,"column":4},"end":{"line":35,"column":76}},{"start":{"line":34,"column":4},"end":{"line":35,"column":76}}],"line":34}},"s":{"0":5,"1":7,"2":5,"3":5,"4":5,"5":5,"6":5,"7":5,"8":5,"9":5,"10":5,"11":5,"12":5,"13":5,"14":5,"15":2,"16":9,"17":9,"18":9,"19":9,"20":3,"21":3,"22":9,"23":16,"24":8,"25":16,"26":5},"f":{"0":7,"1":9,"2":3,"3":16},"b":{"0":[5,2],"1":[3,0],"2":[8,8]},"_coverageSchema":"1a1c01bbd47fc00a2c39e90264f33305004495a9","hash":"f0fa12e321e4e8cdafc721de0510648d9a785576"}
,"C:\\Users\\User\\VisualStudioCode\\JavaScript\\StudentDetailsManagement\\src\\DeleteDetails.js": {"path":"C:\\Users\\User\\VisualStudioCode\\JavaScript\\StudentDetailsManagement\\src\\DeleteDetails.js","statementMap":{"0":{"start":{"line":1,"column":26},"end":{"line":1,"column":51}},"1":{"start":{"line":3,"column":24},"end":{"line":3,"column":44}},"2":{"start":{"line":4,"column":23},"end":{"line":6,"column":6}},"3":{"start":{"line":5,"column":8},"end":{"line":5,"column":88}},"4":{"start":{"line":7,"column":4},"end":{"line":7,"column":75}},"5":{"start":{"line":8,"column":4},"end":{"line":8,"column":90}},"6":{"start":{"line":10,"column":0},"end":{"line":10,"column":29}}},"fnMap":{"0":{"name":"deleteDetail","decl":{"start":{"line":2,"column":9},"end":{"line":2,"column":21}},"loc":{"start":{"line":2,"column":24},"end":{"line":9,"column":1}},"line":2},"1":{"name":"(anonymous_1)","decl":{"start":{"line":4,"column":46},"end":{"line":4,"column":47}},"loc":{"start":{"line":4,"column":66},"end":{"line":6,"column":5}},"line":4}},"branchMap":{},"s":{"0":1,"1":2,"2":2,"3":3,"4":2,"5":2,"6":1},"f":{"0":2,"1":3},"b":{},"_coverageSchema":"1a1c01bbd47fc00a2c39e90264f33305004495a9","hash":"d82808cf2cc49035cd15f4468934567c7274ffd2"}
,"C:\\Users\\User\\VisualStudioCode\\JavaScript\\StudentDetailsManagement\\src\\IndividualDetails.js": {"path":"C:\\Users\\User\\VisualStudioCode\\JavaScript\\StudentDetailsManagement\\src\\IndividualDetails.js","statementMap":{"0":{"start":{"line":1,"column":22},"end":{"line":1,"column":24}},"1":{"start":{"line":3,"column":26},"end":{"line":3,"column":77}},"2":{"start":{"line":4,"column":16},"end":{"line":4,"column":21}},"3":{"start":{"line":5,"column":4},"end":{"line":10,"column":7}},"4":{"start":{"line":6,"column":8},"end":{"line":9,"column":9}},"5":{"start":{"line":7,"column":12},"end":{"line":7,"column":49}},"6":{"start":{"line":8,"column":12},"end":{"line":8,"column":25}},"7":{"start":{"line":11,"column":4},"end":{"line":11,"column":17}},"8":{"start":{"line":15,"column":4},"end":{"line":16,"column":25}},"9":{"start":{"line":16,"column":4},"end":{"line":16,"column":25}},"10":{"start":{"line":17,"column":4},"end":{"line":17,"column":29}},"11":{"start":{"line":21,"column":4},"end":{"line":30,"column":5}},"12":{"start":{"line":22,"column":23},"end":{"line":25,"column":75}},"13":{"start":{"line":26,"column":4},"end":{"line":26,"column":61}},"14":{"start":{"line":28,"column":8},"end":{"line":28,"column":88}},"15":{"start":{"line":29,"column":8},"end":{"line":29,"column":67}},"16":{"start":{"line":33,"column":0},"end":{"line":33,"column":77}}},"fnMap":{"0":{"name":"isStudentDetailExisted","decl":{"start":{"line":2,"column":9},"end":{"line":2,"column":31}},"loc":{"start":{"line":2,"column":34},"end":{"line":12,"column":1}},"line":2},"1":{"name":"(anonymous_1)","decl":{"start":{"line":5,"column":28},"end":{"line":5,"column":29}},"loc":{"start":{"line":5,"column":48},"end":{"line":10,"column":5}},"line":5},"2":{"name":"getIndividualDetails","decl":{"start":{"line":14,"column":9},"end":{"line":14,"column":29}},"loc":{"start":{"line":14,"column":32},"end":{"line":18,"column":1}},"line":14},"3":{"name":"showOutput","decl":{"start":{"line":20,"column":9},"end":{"line":20,"column":19}},"loc":{"start":{"line":20,"column":22},"end":{"line":31,"column":1}},"line":20}},"branchMap":{"0":{"loc":{"start":{"line":6,"column":8},"end":{"line":9,"column":9}},"type":"if","locations":[{"start":{"line":6,"column":8},"end":{"line":9,"column":9}},{"start":{"line":6,"column":8},"end":{"line":9,"column":9}}],"line":6},"1":{"loc":{"start":{"line":15,"column":4},"end":{"line":16,"column":25}},"type":"if","locations":[{"start":{"line":15,"column":4},"end":{"line":16,"column":25}},{"start":{"line":15,"column":4},"end":{"line":16,"column":25}}],"line":15},"2":{"loc":{"start":{"line":21,"column":4},"end":{"line":30,"column":5}},"type":"if","locations":[{"start":{"line":21,"column":4},"end":{"line":30,"column":5}},{"start":{"line":21,"column":4},"end":{"line":30,"column":5}}],"line":21}},"s":{"0":3,"1":13,"2":13,"3":13,"4":26,"5":7,"6":7,"7":13,"8":8,"9":3,"10":8,"11":3,"12":1,"13":1,"14":2,"15":2,"16":3},"f":{"0":13,"1":26,"2":8,"3":3},"b":{"0":[7,19],"1":[3,5],"2":[1,2]},"_coverageSchema":"1a1c01bbd47fc00a2c39e90264f33305004495a9","hash":"8c90ea4f1e405dfaeb9c1a47b5984284618badc0"}
,"C:\\Users\\User\\VisualStudioCode\\JavaScript\\StudentDetailsManagement\\src\\ShowDetails.js": {"path":"C:\\Users\\User\\VisualStudioCode\\JavaScript\\StudentDetailsManagement\\src\\ShowDetails.js","statementMap":{"0":{"start":{"line":1,"column":26},"end":{"line":1,"column":51}},"1":{"start":{"line":3,"column":21},"end":{"line":3,"column":41}},"2":{"start":{"line":4,"column":15},"end":{"line":4,"column":44}},"3":{"start":{"line":5,"column":4},"end":{"line":24,"column":5}},"4":{"start":{"line":6,"column":8},"end":{"line":10,"column":51}},"5":{"start":{"line":11,"column":4},"end":{"line":22,"column":7}},"6":{"start":{"line":12,"column":8},"end":{"line":21,"column":22}},"7":{"start":{"line":23,"column":4},"end":{"line":23,"column":29}},"8":{"start":{"line":25,"column":4},"end":{"line":25,"column":63}},"9":{"start":{"line":29,"column":4},"end":{"line":29,"column":25}},"10":{"start":{"line":31,"column":0},"end":{"line":31,"column":42}}},"fnMap":{"0":{"name":"displayDetails","decl":{"start":{"line":2,"column":9},"end":{"line":2,"column":23}},"loc":{"start":{"line":2,"column":26},"end":{"line":26,"column":1}},"line":2},"1":{"name":"(anonymous_1)","decl":{"start":{"line":11,"column":25},"end":{"line":11,"column":26}},"loc":{"start":{"line":11,"column":36},"end":{"line":22,"column":5}},"line":11},"2":{"name":"reset","decl":{"start":{"line":28,"column":9},"end":{"line":28,"column":14}},"loc":{"start":{"line":28,"column":17},"end":{"line":30,"column":1}},"line":28}},"branchMap":{"0":{"loc":{"start":{"line":5,"column":4},"end":{"line":24,"column":5}},"type":"if","locations":[{"start":{"line":5,"column":4},"end":{"line":24,"column":5}},{"start":{"line":5,"column":4},"end":{"line":24,"column":5}}],"line":5}},"s":{"0":1,"1":2,"2":2,"3":2,"4":1,"5":1,"6":2,"7":1,"8":2,"9":1,"10":1},"f":{"0":2,"1":2,"2":1},"b":{"0":[1,1]},"_coverageSchema":"1a1c01bbd47fc00a2c39e90264f33305004495a9","hash":"fed777fb6f02a149a1e5cdbbd9902aaeb98b5b00"}
,"C:\\Users\\User\\VisualStudioCode\\JavaScript\\StudentDetailsManagement\\src\\UpdateDetails.js": {"path":"C:\\Users\\User\\VisualStudioCode\\JavaScript\\StudentDetailsManagement\\src\\UpdateDetails.js","statementMap":{"0":{"start":{"line":1,"column":31},"end":{"line":1,"column":56}},"1":{"start":{"line":2,"column":33},"end":{"line":2,"column":63}},"2":{"start":{"line":3,"column":23},"end":{"line":3,"column":46}},"3":{"start":{"line":6,"column":24},"end":{"line":6,"column":46}},"4":{"start":{"line":7,"column":15},"end":{"line":52,"column":32}},"5":{"start":{"line":53,"column":4},"end":{"line":56,"column":87}},"6":{"start":{"line":54,"column":4},"end":{"line":54,"column":65}},"7":{"start":{"line":56,"column":4},"end":{"line":56,"column":87}},"8":{"start":{"line":60,"column":4},"end":{"line":76,"column":5}},"9":{"start":{"line":61,"column":28},"end":{"line":61,"column":50}},"10":{"start":{"line":62,"column":27},"end":{"line":62,"column":47}},"11":{"start":{"line":63,"column":8},"end":{"line":73,"column":11}},"12":{"start":{"line":64,"column":12},"end":{"line":72,"column":13}},"13":{"start":{"line":65,"column":16},"end":{"line":65,"column":84}},"14":{"start":{"line":66,"column":16},"end":{"line":66,"column":86}},"15":{"start":{"line":67,"column":16},"end":{"line":67,"column":81}},"16":{"start":{"line":68,"column":16},"end":{"line":68,"column":88}},"17":{"start":{"line":69,"column":16},"end":{"line":69,"column":88}},"18":{"start":{"line":70,"column":16},"end":{"line":70,"column":84}},"19":{"start":{"line":71,"column":16},"end":{"line":71,"column":82}},"20":{"start":{"line":74,"column":8},"end":{"line":74,"column":79}},"21":{"start":{"line":75,"column":8},"end":{"line":75,"column":94}},"22":{"start":{"line":79,"column":0},"end":{"line":79,"column":41}}},"fnMap":{"0":{"name":"updateDetails","decl":{"start":{"line":5,"column":9},"end":{"line":5,"column":22}},"loc":{"start":{"line":5,"column":25},"end":{"line":57,"column":1}},"line":5},"1":{"name":"updateForm","decl":{"start":{"line":59,"column":9},"end":{"line":59,"column":19}},"loc":{"start":{"line":59,"column":21},"end":{"line":77,"column":1}},"line":59},"2":{"name":"(anonymous_2)","decl":{"start":{"line":63,"column":31},"end":{"line":63,"column":32}},"loc":{"start":{"line":63,"column":51},"end":{"line":73,"column":9}},"line":63}},"branchMap":{"0":{"loc":{"start":{"line":53,"column":4},"end":{"line":56,"column":87}},"type":"if","locations":[{"start":{"line":53,"column":4},"end":{"line":56,"column":87}},{"start":{"line":53,"column":4},"end":{"line":56,"column":87}}],"line":53},"1":{"loc":{"start":{"line":60,"column":4},"end":{"line":76,"column":5}},"type":"if","locations":[{"start":{"line":60,"column":4},"end":{"line":76,"column":5}},{"start":{"line":60,"column":4},"end":{"line":76,"column":5}}],"line":60},"2":{"loc":{"start":{"line":64,"column":12},"end":{"line":72,"column":13}},"type":"if","locations":[{"start":{"line":64,"column":12},"end":{"line":72,"column":13}},{"start":{"line":64,"column":12},"end":{"line":72,"column":13}}],"line":64}},"s":{"0":1,"1":1,"2":1,"3":2,"4":2,"5":2,"6":1,"7":1,"8":2,"9":2,"10":2,"11":2,"12":4,"13":2,"14":2,"15":2,"16":2,"17":2,"18":2,"19":2,"20":2,"21":2,"22":1},"f":{"0":2,"1":2,"2":4},"b":{"0":[1,1],"1":[2,0],"2":[2,2]},"_coverageSchema":"1a1c01bbd47fc00a2c39e90264f33305004495a9","hash":"1fbb2f2d3e9a6df64bdb4433d55e69575375a535"}
,"C:\\Users\\User\\VisualStudioCode\\JavaScript\\StudentDetailsManagement\\src\\Validation.js": {"path":"C:\\Users\\User\\VisualStudioCode\\JavaScript\\StudentDetailsManagement\\src\\Validation.js","statementMap":{"0":{"start":{"line":1,"column":26},"end":{"line":1,"column":51}},"1":{"start":{"line":3,"column":20},"end":{"line":3,"column":62}},"2":{"start":{"line":4,"column":4},"end":{"line":15,"column":5}},"3":{"start":{"line":5,"column":8},"end":{"line":5,"column":100}},"4":{"start":{"line":6,"column":8},"end":{"line":6,"column":21}},"5":{"start":{"line":8,"column":9},"end":{"line":15,"column":5}},"6":{"start":{"line":9,"column":8},"end":{"line":9,"column":117}},"7":{"start":{"line":10,"column":8},"end":{"line":10,"column":21}},"8":{"start":{"line":13,"column":8},"end":{"line":13,"column":70}},"9":{"start":{"line":14,"column":8},"end":{"line":14,"column":20}},"10":{"start":{"line":19,"column":19},"end":{"line":19,"column":60}},"11":{"start":{"line":20,"column":4},"end":{"line":31,"column":5}},"12":{"start":{"line":21,"column":8},"end":{"line":21,"column":98}},"13":{"start":{"line":22,"column":8},"end":{"line":22,"column":21}},"14":{"start":{"line":24,"column":9},"end":{"line":31,"column":5}},"15":{"start":{"line":25,"column":8},"end":{"line":25,"column":115}},"16":{"start":{"line":26,"column":8},"end":{"line":26,"column":21}},"17":{"start":{"line":29,"column":8},"end":{"line":29,"column":69}},"18":{"start":{"line":30,"column":8},"end":{"line":30,"column":20}},"19":{"start":{"line":35,"column":21},"end":{"line":35,"column":64}},"20":{"start":{"line":36,"column":4},"end":{"line":47,"column":5}},"21":{"start":{"line":37,"column":8},"end":{"line":37,"column":102}},"22":{"start":{"line":38,"column":8},"end":{"line":38,"column":21}},"23":{"start":{"line":40,"column":9},"end":{"line":47,"column":5}},"24":{"start":{"line":41,"column":8},"end":{"line":41,"column":137}},"25":{"start":{"line":42,"column":8},"end":{"line":42,"column":21}},"26":{"start":{"line":45,"column":8},"end":{"line":45,"column":71}},"27":{"start":{"line":46,"column":8},"end":{"line":46,"column":20}},"28":{"start":{"line":51,"column":21},"end":{"line":51,"column":64}},"29":{"start":{"line":52,"column":4},"end":{"line":63,"column":5}},"30":{"start":{"line":53,"column":8},"end":{"line":53,"column":101}},"31":{"start":{"line":54,"column":8},"end":{"line":54,"column":21}},"32":{"start":{"line":56,"column":9},"end":{"line":63,"column":5}},"33":{"start":{"line":57,"column":8},"end":{"line":57,"column":122}},"34":{"start":{"line":58,"column":8},"end":{"line":58,"column":21}},"35":{"start":{"line":61,"column":8},"end":{"line":61,"column":70}},"36":{"start":{"line":62,"column":8},"end":{"line":62,"column":20}},"37":{"start":{"line":67,"column":21},"end":{"line":67,"column":64}},"38":{"start":{"line":68,"column":4},"end":{"line":79,"column":5}},"39":{"start":{"line":69,"column":8},"end":{"line":69,"column":102}},"40":{"start":{"line":70,"column":8},"end":{"line":70,"column":21}},"41":{"start":{"line":72,"column":9},"end":{"line":79,"column":5}},"42":{"start":{"line":73,"column":8},"end":{"line":73,"column":123}},"43":{"start":{"line":74,"column":8},"end":{"line":74,"column":21}},"44":{"start":{"line":77,"column":8},"end":{"line":77,"column":71}},"45":{"start":{"line":78,"column":8},"end":{"line":78,"column":20}},"46":{"start":{"line":84,"column":14},"end":{"line":84,"column":57}},"47":{"start":{"line":85,"column":4},"end":{"line":96,"column":5}},"48":{"start":{"line":86,"column":8},"end":{"line":86,"column":88}},"49":{"start":{"line":87,"column":8},"end":{"line":87,"column":21}},"50":{"start":{"line":89,"column":9},"end":{"line":96,"column":5}},"51":{"start":{"line":90,"column":8},"end":{"line":90,"column":111}},"52":{"start":{"line":91,"column":8},"end":{"line":91,"column":21}},"53":{"start":{"line":94,"column":8},"end":{"line":94,"column":64}},"54":{"start":{"line":95,"column":8},"end":{"line":95,"column":20}},"55":{"start":{"line":101,"column":19},"end":{"line":101,"column":60}},"56":{"start":{"line":102,"column":4},"end":{"line":113,"column":5}},"57":{"start":{"line":103,"column":8},"end":{"line":103,"column":95}},"58":{"start":{"line":104,"column":8},"end":{"line":104,"column":21}},"59":{"start":{"line":106,"column":9},"end":{"line":113,"column":5}},"60":{"start":{"line":107,"column":8},"end":{"line":107,"column":131}},"61":{"start":{"line":108,"column":8},"end":{"line":108,"column":21}},"62":{"start":{"line":111,"column":8},"end":{"line":111,"column":65}},"63":{"start":{"line":112,"column":8},"end":{"line":112,"column":20}},"64":{"start":{"line":117,"column":18},"end":{"line":117,"column":58}},"65":{"start":{"line":118,"column":4},"end":{"line":129,"column":5}},"66":{"start":{"line":119,"column":8},"end":{"line":119,"column":93}},"67":{"start":{"line":120,"column":8},"end":{"line":120,"column":21}},"68":{"start":{"line":122,"column":9},"end":{"line":129,"column":5}},"69":{"start":{"line":123,"column":8},"end":{"line":123,"column":129}},"70":{"start":{"line":124,"column":8},"end":{"line":124,"column":21}},"71":{"start":{"line":127,"column":8},"end":{"line":127,"column":64}},"72":{"start":{"line":128,"column":8},"end":{"line":128,"column":20}},"73":{"start":{"line":134,"column":4},"end":{"line":140,"column":5}},"74":{"start":{"line":136,"column":8},"end":{"line":136,"column":20}},"75":{"start":{"line":139,"column":8},"end":{"line":139,"column":21}},"76":{"start":{"line":145,"column":4},"end":{"line":147,"column":5}},"77":{"start":{"line":146,"column":8},"end":{"line":146,"column":24}},"78":{"start":{"line":149,"column":0},"end":{"line":149,"column":205}}},"fnMap":{"0":{"name":"firstNameValidation","decl":{"start":{"line":2,"column":9},"end":{"line":2,"column":28}},"loc":{"start":{"line":2,"column":31},"end":{"line":16,"column":1}},"line":2},"1":{"name":"lastNameValidation","decl":{"start":{"line":18,"column":9},"end":{"line":18,"column":27}},"loc":{"start":{"line":18,"column":30},"end":{"line":32,"column":1}},"line":18},"2":{"name":"registerNoValidation","decl":{"start":{"line":34,"column":9},"end":{"line":34,"column":29}},"loc":{"start":{"line":34,"column":32},"end":{"line":48,"column":1}},"line":34},"3":{"name":"fatherNameValidation","decl":{"start":{"line":50,"column":9},"end":{"line":50,"column":29}},"loc":{"start":{"line":50,"column":32},"end":{"line":65,"column":1}},"line":50},"4":{"name":"motherNameValidation","decl":{"start":{"line":66,"column":9},"end":{"line":66,"column":29}},"loc":{"start":{"line":66,"column":32},"end":{"line":81,"column":1}},"line":66},"5":{"name":"ageValidation","decl":{"start":{"line":83,"column":9},"end":{"line":83,"column":22}},"loc":{"start":{"line":83,"column":25},"end":{"line":98,"column":1}},"line":83},"6":{"name":"sslcMarkValidation","decl":{"start":{"line":100,"column":9},"end":{"line":100,"column":27}},"loc":{"start":{"line":100,"column":30},"end":{"line":114,"column":1}},"line":100},"7":{"name":"hscMarkValidation","decl":{"start":{"line":116,"column":9},"end":{"line":116,"column":26}},"loc":{"start":{"line":116,"column":29},"end":{"line":130,"column":1}},"line":116},"8":{"name":"validation","decl":{"start":{"line":132,"column":9},"end":{"line":132,"column":19}},"loc":{"start":{"line":132,"column":22},"end":{"line":142,"column":1}},"line":132},"9":{"name":"submitForm","decl":{"start":{"line":144,"column":9},"end":{"line":144,"column":19}},"loc":{"start":{"line":144,"column":22},"end":{"line":148,"column":1}},"line":144}},"branchMap":{"0":{"loc":{"start":{"line":4,"column":4},"end":{"line":15,"column":5}},"type":"if","locations":[{"start":{"line":4,"column":4},"end":{"line":15,"column":5}},{"start":{"line":4,"column":4},"end":{"line":15,"column":5}}],"line":4},"1":{"loc":{"start":{"line":4,"column":8},"end":{"line":4,"column":60}},"type":"binary-expr","locations":[{"start":{"line":4,"column":8},"end":{"line":4,"column":33}},{"start":{"line":4,"column":37},"end":{"line":4,"column":60}}],"line":4},"2":{"loc":{"start":{"line":8,"column":9},"end":{"line":15,"column":5}},"type":"if","locations":[{"start":{"line":8,"column":9},"end":{"line":15,"column":5}},{"start":{"line":8,"column":9},"end":{"line":15,"column":5}}],"line":8},"3":{"loc":{"start":{"line":20,"column":4},"end":{"line":31,"column":5}},"type":"if","locations":[{"start":{"line":20,"column":4},"end":{"line":31,"column":5}},{"start":{"line":20,"column":4},"end":{"line":31,"column":5}}],"line":20},"4":{"loc":{"start":{"line":20,"column":8},"end":{"line":20,"column":58}},"type":"binary-expr","locations":[{"start":{"line":20,"column":8},"end":{"line":20,"column":32}},{"start":{"line":20,"column":36},"end":{"line":20,"column":58}}],"line":20},"5":{"loc":{"start":{"line":24,"column":9},"end":{"line":31,"column":5}},"type":"if","locations":[{"start":{"line":24,"column":9},"end":{"line":31,"column":5}},{"start":{"line":24,"column":9},"end":{"line":31,"column":5}}],"line":24},"6":{"loc":{"start":{"line":36,"column":4},"end":{"line":47,"column":5}},"type":"if","locations":[{"start":{"line":36,"column":4},"end":{"line":47,"column":5}},{"start":{"line":36,"column":4},"end":{"line":47,"column":5}}],"line":36},"7":{"loc":{"start":{"line":36,"column":8},"end":{"line":36,"column":55}},"type":"binary-expr","locations":[{"start":{"line":36,"column":8},"end":{"line":36,"column":27}},{"start":{"line":36,"column":31},"end":{"line":36,"column":55}}],"line":36},"8":{"loc":{"start":{"line":40,"column":9},"end":{"line":47,"column":5}},"type":"if","locations":[{"start":{"line":40,"column":9},"end":{"line":47,"column":5}},{"start":{"line":40,"column":9},"end":{"line":47,"column":5}}],"line":40},"9":{"loc":{"start":{"line":40,"column":13},"end":{"line":40,"column":47}},"type":"binary-expr","locations":[{"start":{"line":40,"column":13},"end":{"line":40,"column":27}},{"start":{"line":40,"column":31},"end":{"line":40,"column":47}}],"line":40},"10":{"loc":{"start":{"line":52,"column":4},"end":{"line":63,"column":5}},"type":"if","locations":[{"start":{"line":52,"column":4},"end":{"line":63,"column":5}},{"start":{"line":52,"column":4},"end":{"line":63,"column":5}}],"line":52},"11":{"loc":{"start":{"line":52,"column":8},"end":{"line":52,"column":62}},"type":"binary-expr","locations":[{"start":{"line":52,"column":8},"end":{"line":52,"column":34}},{"start":{"line":52,"column":38},"end":{"line":52,"column":62}}],"line":52},"12":{"loc":{"start":{"line":56,"column":9},"end":{"line":63,"column":5}},"type":"if","locations":[{"start":{"line":56,"column":9},"end":{"line":63,"column":5}},{"start":{"line":56,"column":9},"end":{"line":63,"column":5}}],"line":56},"13":{"loc":{"start":{"line":68,"column":4},"end":{"line":79,"column":5}},"type":"if","locations":[{"start":{"line":68,"column":4},"end":{"line":79,"column":5}},{"start":{"line":68,"column":4},"end":{"line":79,"column":5}}],"line":68},"14":{"loc":{"start":{"line":68,"column":8},"end":{"line":68,"column":62}},"type":"binary-expr","locations":[{"start":{"line":68,"column":8},"end":{"line":68,"column":34}},{"start":{"line":68,"column":38},"end":{"line":68,"column":62}}],"line":68},"15":{"loc":{"start":{"line":72,"column":9},"end":{"line":79,"column":5}},"type":"if","locations":[{"start":{"line":72,"column":9},"end":{"line":79,"column":5}},{"start":{"line":72,"column":9},"end":{"line":79,"column":5}}],"line":72},"16":{"loc":{"start":{"line":85,"column":4},"end":{"line":96,"column":5}},"type":"if","locations":[{"start":{"line":85,"column":4},"end":{"line":96,"column":5}},{"start":{"line":85,"column":4},"end":{"line":96,"column":5}}],"line":85},"17":{"loc":{"start":{"line":89,"column":9},"end":{"line":96,"column":5}},"type":"if","locations":[{"start":{"line":89,"column":9},"end":{"line":96,"column":5}},{"start":{"line":89,"column":9},"end":{"line":96,"column":5}}],"line":89},"18":{"loc":{"start":{"line":89,"column":13},"end":{"line":89,"column":45}},"type":"binary-expr","locations":[{"start":{"line":89,"column":13},"end":{"line":89,"column":27}},{"start":{"line":89,"column":31},"end":{"line":89,"column":45}}],"line":89},"19":{"loc":{"start":{"line":102,"column":4},"end":{"line":113,"column":5}},"type":"if","locations":[{"start":{"line":102,"column":4},"end":{"line":113,"column":5}},{"start":{"line":102,"column":4},"end":{"line":113,"column":5}}],"line":102},"20":{"loc":{"start":{"line":106,"column":9},"end":{"line":113,"column":5}},"type":"if","locations":[{"start":{"line":106,"column":9},"end":{"line":113,"column":5}},{"start":{"line":106,"column":9},"end":{"line":113,"column":5}}],"line":106},"21":{"loc":{"start":{"line":106,"column":13},"end":{"line":106,"column":43}},"type":"binary-expr","locations":[{"start":{"line":106,"column":13},"end":{"line":106,"column":25}},{"start":{"line":106,"column":29},"end":{"line":106,"column":43}}],"line":106},"22":{"loc":{"start":{"line":118,"column":4},"end":{"line":129,"column":5}},"type":"if","locations":[{"start":{"line":118,"column":4},"end":{"line":129,"column":5}},{"start":{"line":118,"column":4},"end":{"line":129,"column":5}}],"line":118},"23":{"loc":{"start":{"line":122,"column":9},"end":{"line":129,"column":5}},"type":"if","locations":[{"start":{"line":122,"column":9},"end":{"line":129,"column":5}},{"start":{"line":122,"column":9},"end":{"line":129,"column":5}}],"line":122},"24":{"loc":{"start":{"line":122,"column":13},"end":{"line":122,"column":42}},"type":"binary-expr","locations":[{"start":{"line":122,"column":13},"end":{"line":122,"column":27}},{"start":{"line":122,"column":31},"end":{"line":122,"column":42}}],"line":122},"25":{"loc":{"start":{"line":134,"column":4},"end":{"line":140,"column":5}},"type":"if","locations":[{"start":{"line":134,"column":4},"end":{"line":140,"column":5}},{"start":{"line":134,"column":4},"end":{"line":140,"column":5}}],"line":134},"26":{"loc":{"start":{"line":134,"column":8},"end":{"line":135,"column":54}},"type":"binary-expr","locations":[{"start":{"line":134,"column":8},"end":{"line":134,"column":29}},{"start":{"line":134,"column":33},"end":{"line":134,"column":53}},{"start":{"line":134,"column":57},"end":{"line":134,"column":79}},{"start":{"line":134,"column":83},"end":{"line":134,"column":105}},{"start":{"line":134,"column":109},"end":{"line":134,"column":131}},{"start":{"line":134,"column":135},"end":{"line":134,"column":150}},{"start":{"line":135,"column":11},"end":{"line":135,"column":31}},{"start":{"line":135,"column":35},"end":{"line":135,"column":54}}],"line":134},"27":{"loc":{"start":{"line":145,"column":4},"end":{"line":147,"column":5}},"type":"if","locations":[{"start":{"line":145,"column":4},"end":{"line":147,"column":5}},{"start":{"line":145,"column":4},"end":{"line":147,"column":5}}],"line":145}},"s":{"0":2,"1":19,"2":19,"3":2,"4":2,"5":17,"6":8,"7":8,"8":9,"9":9,"10":13,"11":13,"12":5,"13":5,"14":8,"15":2,"16":2,"17":6,"18":6,"19":10,"20":10,"21":2,"22":2,"23":8,"24":2,"25":2,"26":6,"27":6,"28":10,"29":10,"30":2,"31":2,"32":8,"33":2,"34":2,"35":6,"36":6,"37":10,"38":10,"39":2,"40":2,"41":8,"42":2,"43":2,"44":6,"45":6,"46":10,"47":10,"48":2,"49":2,"50":8,"51":2,"52":2,"53":6,"54":6,"55":10,"56":10,"57":2,"58":2,"59":8,"60":2,"61":2,"62":6,"63":6,"64":10,"65":10,"66":2,"67":2,"68":8,"69":2,"70":2,"71":6,"72":6,"73":13,"74":4,"75":9,"76":2,"77":1,"78":2},"f":{"0":19,"1":13,"2":10,"3":10,"4":10,"5":10,"6":10,"7":10,"8":13,"9":2},"b":{"0":[2,17],"1":[19,19],"2":[8,9],"3":[5,8],"4":[13,13],"5":[2,6],"6":[2,8],"7":[10,10],"8":[2,6],"9":[8,8],"10":[2,8],"11":[10,10],"12":[2,6],"13":[2,8],"14":[10,10],"15":[2,6],"16":[2,8],"17":[2,6],"18":[8,8],"19":[2,8],"20":[2,6],"21":[8,8],"22":[2,8],"23":[2,6],"24":[8,6],"25":[4,9],"26":[13,7,4,4,4,4,4,4],"27":[1,1]},"_coverageSchema":"1a1c01bbd47fc00a2c39e90264f33305004495a9","hash":"88c1d64f6a6ab207111ab4044f5868ce6468fff8"}
,"C:\\Users\\User\\VisualStudioCode\\JavaScript\\StudentDetailsManagement\\src\\ViewDetails.js": {"path":"C:\\Users\\User\\VisualStudioCode\\JavaScript\\StudentDetailsManagement\\src\\ViewDetails.js","statementMap":{"0":{"start":{"line":1,"column":33},"end":{"line":1,"column":63}},"1":{"start":{"line":4,"column":24},"end":{"line":4,"column":46}},"2":{"start":{"line":5,"column":17},"end":{"line":38,"column":10}},"3":{"start":{"line":39,"column":0},"end":{"line":42,"column":83}},"4":{"start":{"line":40,"column":0},"end":{"line":40,"column":61}},"5":{"start":{"line":42,"column":0},"end":{"line":42,"column":83}},"6":{"start":{"line":45,"column":0},"end":{"line":45,"column":28}}},"fnMap":{"0":{"name":"viewDetails","decl":{"start":{"line":3,"column":9},"end":{"line":3,"column":20}},"loc":{"start":{"line":3,"column":23},"end":{"line":43,"column":1}},"line":3}},"branchMap":{"0":{"loc":{"start":{"line":39,"column":0},"end":{"line":42,"column":83}},"type":"if","locations":[{"start":{"line":39,"column":0},"end":{"line":42,"column":83}},{"start":{"line":39,"column":0},"end":{"line":42,"column":83}}],"line":39}},"s":{"0":1,"1":2,"2":2,"3":2,"4":1,"5":1,"6":1},"f":{"0":2},"b":{"0":[1,1]},"_coverageSchema":"1a1c01bbd47fc00a2c39e90264f33305004495a9","hash":"0330e4450e12b6ab078fe888b86a14c0f811c9c9"}
}
