TN:
SF:src\AddingDetail.js
FN:2,addingDetails
FN:22,isRegisterNoExist
FN:26,(anonymous_2)
FN:33,getStudentDataBase
FNF:4
FNH:4
FNDA:7,addingDetails
FNDA:9,isRegisterNoExist
FNDA:3,(anonymous_2)
FNDA:16,getStudentDataBase
DA:1,5
DA:3,7
DA:4,5
DA:5,5
DA:6,5
DA:7,5
DA:8,5
DA:9,5
DA:10,5
DA:11,5
DA:12,5
DA:13,5
DA:14,5
DA:15,5
DA:16,5
DA:19,2
DA:23,9
DA:24,9
DA:25,9
DA:26,9
DA:27,3
DA:28,3
DA:31,9
DA:34,16
DA:35,8
DA:36,16
DA:38,5
LF:27
LH:27
BRDA:3,0,0,5
BRDA:3,0,1,2
BRDA:27,1,0,3
BRDA:27,1,1,0
BRDA:34,2,0,8
BRDA:34,2,1,8
BRF:6
BRH:5
end_of_record
TN:
SF:src\DeleteDetails.js
FN:2,deleteDetail
FN:4,(anonymous_1)
FNF:2
FNH:2
FNDA:2,deleteDetail
FNDA:3,(anonymous_1)
DA:1,1
DA:3,2
DA:4,2
DA:5,3
DA:7,2
DA:8,2
DA:10,1
LF:7
LH:7
BRF:0
BRH:0
end_of_record
TN:
SF:src\IndividualDetails.js
FN:2,isStudentDetailExisted
FN:5,(anonymous_1)
FN:14,getIndividualDetails
FN:20,showOutput
FNF:4
FNH:4
FNDA:13,isStudentDetailExisted
FNDA:26,(anonymous_1)
FNDA:8,getIndividualDetails
FNDA:3,showOutput
DA:1,3
DA:3,13
DA:4,13
DA:5,13
DA:6,26
DA:7,7
DA:8,7
DA:11,13
DA:15,8
DA:16,3
DA:17,8
DA:21,3
DA:22,1
DA:26,1
DA:28,2
DA:29,2
DA:33,3
LF:17
LH:17
BRDA:6,0,0,7
BRDA:6,0,1,19
BRDA:15,1,0,3
BRDA:15,1,1,5
BRDA:21,2,0,1
BRDA:21,2,1,2
BRF:6
BRH:6
end_of_record
TN:
SF:src\ShowDetails.js
FN:2,displayDetails
FN:11,(anonymous_1)
FN:28,reset
FNF:3
FNH:3
FNDA:2,displayDetails
FNDA:2,(anonymous_1)
FNDA:1,reset
DA:1,1
DA:3,2
DA:4,2
DA:5,2
DA:6,1
DA:11,1
DA:12,2
DA:23,1
DA:25,2
DA:29,1
DA:31,1
LF:11
LH:11
BRDA:5,0,0,1
BRDA:5,0,1,1
BRF:2
BRH:2
end_of_record
TN:
SF:src\UpdateDetails.js
FN:5,updateDetails
FN:59,updateForm
FN:63,(anonymous_2)
FNF:3
FNH:3
FNDA:2,updateDetails
FNDA:2,updateForm
FNDA:4,(anonymous_2)
DA:1,1
DA:2,1
DA:3,1
DA:6,2
DA:7,2
DA:53,2
DA:54,1
DA:56,1
DA:60,2
DA:61,2
DA:62,2
DA:63,2
DA:64,4
DA:65,2
DA:66,2
DA:67,2
DA:68,2
DA:69,2
DA:70,2
DA:71,2
DA:74,2
DA:75,2
DA:79,1
LF:23
LH:23
BRDA:53,0,0,1
BRDA:53,0,1,1
BRDA:60,1,0,2
BRDA:60,1,1,0
BRDA:64,2,0,2
BRDA:64,2,1,2
BRF:6
BRH:5
end_of_record
TN:
SF:src\Validation.js
FN:2,firstNameValidation
FN:18,lastNameValidation
FN:34,registerNoValidation
FN:50,fatherNameValidation
FN:66,motherNameValidation
FN:83,ageValidation
FN:100,sslcMarkValidation
FN:116,hscMarkValidation
FN:132,validation
FN:144,submitForm
FNF:10
FNH:10
FNDA:19,firstNameValidation
FNDA:13,lastNameValidation
FNDA:10,registerNoValidation
FNDA:10,fatherNameValidation
FNDA:10,motherNameValidation
FNDA:10,ageValidation
FNDA:10,sslcMarkValidation
FNDA:10,hscMarkValidation
FNDA:13,validation
FNDA:2,submitForm
DA:1,2
DA:3,19
DA:4,19
DA:5,2
DA:6,2
DA:8,17
DA:9,8
DA:10,8
DA:13,9
DA:14,9
DA:19,13
DA:20,13
DA:21,5
DA:22,5
DA:24,8
DA:25,2
DA:26,2
DA:29,6
DA:30,6
DA:35,10
DA:36,10
DA:37,2
DA:38,2
DA:40,8
DA:41,2
DA:42,2
DA:45,6
DA:46,6
DA:51,10
DA:52,10
DA:53,2
DA:54,2
DA:56,8
DA:57,2
DA:58,2
DA:61,6
DA:62,6
DA:67,10
DA:68,10
DA:69,2
DA:70,2
DA:72,8
DA:73,2
DA:74,2
DA:77,6
DA:78,6
DA:84,10
DA:85,10
DA:86,2
DA:87,2
DA:89,8
DA:90,2
DA:91,2
DA:94,6
DA:95,6
DA:101,10
DA:102,10
DA:103,2
DA:104,2
DA:106,8
DA:107,2
DA:108,2
DA:111,6
DA:112,6
DA:117,10
DA:118,10
DA:119,2
DA:120,2
DA:122,8
DA:123,2
DA:124,2
DA:127,6
DA:128,6
DA:134,13
DA:136,4
DA:139,9
DA:145,2
DA:146,1
DA:149,2
LF:79
LH:79
BRDA:4,0,0,2
BRDA:4,0,1,17
BRDA:4,1,0,19
BRDA:4,1,1,19
BRDA:8,2,0,8
BRDA:8,2,1,9
BRDA:20,3,0,5
BRDA:20,3,1,8
BRDA:20,4,0,13
BRDA:20,4,1,13
BRDA:24,5,0,2
BRDA:24,5,1,6
BRDA:36,6,0,2
BRDA:36,6,1,8
BRDA:36,7,0,10
BRDA:36,7,1,10
BRDA:40,8,0,2
BRDA:40,8,1,6
BRDA:40,9,0,8
BRDA:40,9,1,8
BRDA:52,10,0,2
BRDA:52,10,1,8
BRDA:52,11,0,10
BRDA:52,11,1,10
BRDA:56,12,0,2
BRDA:56,12,1,6
BRDA:68,13,0,2
BRDA:68,13,1,8
BRDA:68,14,0,10
BRDA:68,14,1,10
BRDA:72,15,0,2
BRDA:72,15,1,6
BRDA:85,16,0,2
BRDA:85,16,1,8
BRDA:89,17,0,2
BRDA:89,17,1,6
BRDA:89,18,0,8
BRDA:89,18,1,8
BRDA:102,19,0,2
BRDA:102,19,1,8
BRDA:106,20,0,2
BRDA:106,20,1,6
BRDA:106,21,0,8
BRDA:106,21,1,8
BRDA:118,22,0,2
BRDA:118,22,1,8
BRDA:122,23,0,2
BRDA:122,23,1,6
BRDA:122,24,0,8
BRDA:122,24,1,6
BRDA:134,25,0,4
BRDA:134,25,1,9
BRDA:134,26,0,13
BRDA:134,26,1,7
BRDA:134,26,2,4
BRDA:134,26,3,4
BRDA:134,26,4,4
BRDA:134,26,5,4
BRDA:134,26,6,4
BRDA:134,26,7,4
BRDA:145,27,0,1
BRDA:145,27,1,1
BRF:62
BRH:62
end_of_record
TN:
SF:src\ViewDetails.js
FN:3,viewDetails
FNF:1
FNH:1
FNDA:2,viewDetails
DA:1,1
DA:4,2
DA:5,2
DA:39,2
DA:40,1
DA:42,1
DA:45,1
LF:7
LH:7
BRDA:39,0,0,1
BRDA:39,0,1,1
BRF:2
BRH:2
end_of_record
