<?xml version="1.0" encoding="UTF-8"?>
<testsuite xmlns:xsi="http://www.w3.org/2001/XMLSchema-instance" xsi:noNamespaceSchemaLocation="https://maven.apache.org/surefire/maven-surefire-plugin/xsd/surefire-test-report.xsd" name="ProfileServletTest" time="0.008" tests="7" errors="0" skipped="0" failures="0">
  <properties>
[...]
</properties>
  <testcase name="test_RequestDispatcher_WithSession" classname="ProfileServletTest" time="0"/>
  <testcase name="test_RequestDispatcher_WithoutSession" classname="ProfileServletTest" time="0"/>
  <testcase name="test_GetAttribute" classname="ProfileServletTest" time="0"/>
  <testcase name="test_Output_WithSession" classname="ProfileServletTest" time="0"/>
  <testcase name="test_GetWriter_WithSession" classname="ProfileServletTest" time="0"/>
  <testcase name="test_GetWriter_WithoutSession" classname="ProfileServletTest" time="0"/>
  <testcase name="test_Output_WithoutSession" classname="ProfileServletTest" time="0"/>
</testsuite>